2023/08/30 12:47:14 [notice] 1#1: using the "epoll" event method
2023/08/30 12:47:14 [notice] 1#1: nginx/1.23.3
2023/08/30 12:47:14 [notice] 1#1: built by gcc 10.2.1 20210110 (Debian 10.2.1-6) 
2023/08/30 12:47:14 [notice] 1#1: OS: Linux 5.15.49-linuxkit
2023/08/30 12:47:14 [notice] 1#1: getrlimit(RLIMIT_NOFILE): 1048576:1048576
2023/08/30 12:47:14 [notice] 1#1: start worker processes
2023/08/30 12:47:14 [notice] 1#1: start worker process 30
2023/08/30 12:47:14 [notice] 1#1: start worker process 31
2023/08/30 12:47:14 [notice] 1#1: start worker process 32
2023/08/30 12:47:14 [notice] 1#1: start worker process 33
2023/08/30 13:28:36 [notice] 1#1: signal 3 (SIGQUIT) received, shutting down
2023/08/30 13:28:36 [notice] 30#30: gracefully shutting down
2023/08/30 13:28:36 [notice] 31#31: gracefully shutting down
2023/08/30 13:28:36 [notice] 32#32: gracefully shutting down
2023/08/30 13:28:36 [notice] 33#33: gracefully shutting down
2023/08/30 13:28:36 [notice] 30#30: exiting
2023/08/30 13:28:36 [notice] 31#31: exiting
2023/08/30 13:28:36 [notice] 32#32: exiting
2023/08/30 13:28:36 [notice] 30#30: exit
2023/08/30 13:28:36 [notice] 31#31: exit
2023/08/30 13:28:36 [notice] 33#33: exiting
2023/08/30 13:28:36 [notice] 32#32: exit
2023/08/30 13:28:36 [notice] 33#33: exit
2023/08/30 13:28:36 [notice] 1#1: signal 17 (SIGCHLD) received from 33
2023/08/30 13:28:36 [notice] 1#1: worker process 32 exited with code 0
2023/08/30 13:28:36 [notice] 1#1: worker process 33 exited with code 0
2023/08/30 13:28:36 [notice] 1#1: signal 29 (SIGIO) received
2023/08/30 13:28:36 [notice] 1#1: signal 17 (SIGCHLD) received from 32
2023/08/30 13:28:36 [notice] 1#1: signal 17 (SIGCHLD) received from 30
2023/08/30 13:28:36 [notice] 1#1: worker process 30 exited with code 0
2023/08/30 13:28:36 [notice] 1#1: worker process 31 exited with code 0
2023/08/30 13:28:36 [notice] 1#1: exit
2023/08/30 14:18:42 [notice] 1#1: using the "epoll" event method
2023/08/30 14:18:42 [notice] 1#1: nginx/1.23.3
2023/08/30 14:18:42 [notice] 1#1: built by gcc 10.2.1 20210110 (Debian 10.2.1-6) 
2023/08/30 14:18:42 [notice] 1#1: OS: Linux 5.15.49-linuxkit
2023/08/30 14:18:42 [notice] 1#1: getrlimit(RLIMIT_NOFILE): 1048576:1048576
2023/08/30 14:18:42 [notice] 1#1: start worker processes
2023/08/30 14:18:42 [notice] 1#1: start worker process 30
2023/08/30 14:18:42 [notice] 1#1: start worker process 31
2023/08/30 14:18:42 [notice] 1#1: start worker process 32
2023/08/30 14:18:42 [notice] 1#1: start worker process 33
2023/08/31 05:42:43 [notice] 1#1: signal 3 (SIGQUIT) received, shutting down
2023/08/31 05:42:43 [notice] 30#30: gracefully shutting down
2023/08/31 05:42:43 [notice] 31#31: gracefully shutting down
2023/08/31 05:42:43 [notice] 32#32: gracefully shutting down
2023/08/31 05:42:43 [notice] 30#30: exiting
2023/08/31 05:42:43 [notice] 33#33: gracefully shutting down
2023/08/31 05:42:43 [notice] 32#32: exiting
2023/08/31 05:42:43 [notice] 31#31: exiting
2023/08/31 05:42:43 [notice] 33#33: exiting
2023/08/31 05:42:43 [notice] 32#32: exit
2023/08/31 05:42:43 [notice] 30#30: exit
2023/08/31 05:42:43 [notice] 31#31: exit
2023/08/31 05:42:43 [notice] 33#33: exit
2023/08/31 05:42:43 [notice] 1#1: signal 17 (SIGCHLD) received from 31
2023/08/31 05:42:43 [notice] 1#1: worker process 31 exited with code 0
2023/08/31 05:42:43 [notice] 1#1: signal 29 (SIGIO) received
2023/08/31 05:42:43 [notice] 1#1: signal 17 (SIGCHLD) received from 33
2023/08/31 05:42:43 [notice] 1#1: worker process 33 exited with code 0
2023/08/31 05:42:43 [notice] 1#1: signal 29 (SIGIO) received
2023/08/31 05:42:43 [notice] 1#1: signal 17 (SIGCHLD) received from 30
2023/08/31 05:42:43 [notice] 1#1: worker process 30 exited with code 0
2023/08/31 05:42:43 [notice] 1#1: worker process 32 exited with code 0
2023/08/31 05:42:43 [notice] 1#1: exit
2023/08/31 05:43:13 [notice] 1#1: using the "epoll" event method
2023/08/31 05:43:13 [notice] 1#1: nginx/1.23.3
2023/08/31 05:43:13 [notice] 1#1: built by gcc 10.2.1 20210110 (Debian 10.2.1-6) 
2023/08/31 05:43:13 [notice] 1#1: OS: Linux 5.15.49-linuxkit
2023/08/31 05:43:13 [notice] 1#1: getrlimit(RLIMIT_NOFILE): 1048576:1048576
2023/08/31 05:43:13 [notice] 1#1: start worker processes
2023/08/31 05:43:13 [notice] 1#1: start worker process 30
2023/08/31 05:43:13 [notice] 1#1: start worker process 31
2023/08/31 05:43:13 [notice] 1#1: start worker process 32
2023/08/31 05:43:13 [notice] 1#1: start worker process 33
2023/08/31 07:33:51 [error] 33#33: *175 upstream timed out (110: Connection timed out) while reading response header from upstream, client: 172.23.0.1, server: , request: "POST /api/users HTTP/1.1", upstream: "fastcgi://172.23.0.3:9000", host: "localhost"
2023/08/31 15:28:58 [error] 33#33: *370 client intended to send too large body: 1343789 bytes, client: 172.23.0.1, server: , request: "POST /api/users HTTP/1.1", host: "localhost"
2023/08/31 15:31:06 [error] 31#31: *379 client intended to send too large body: 1343789 bytes, client: 172.23.0.1, server: , request: "POST /api/users HTTP/1.1", host: "localhost"
2023/08/31 15:38:56 [error] 31#31: *403 client intended to send too large body: 1649698 bytes, client: 172.23.0.1, server: , request: "POST /api/users-create HTTP/1.1", host: "localhost", referrer: "http://localhost/?name=new131&city=mflkef&image=png-transparent-github-social-media-computer-icons-logo-android-github-logo-computer-wallpaper-banner-thumbnail.png"
2023/08/31 16:24:11 [notice] 1#1: signal 3 (SIGQUIT) received, shutting down
2023/08/31 16:24:11 [notice] 32#32: gracefully shutting down
2023/08/31 16:24:11 [notice] 33#33: gracefully shutting down
2023/08/31 16:24:11 [notice] 30#30: gracefully shutting down
2023/08/31 16:24:11 [notice] 31#31: gracefully shutting down
2023/08/31 16:24:11 [notice] 32#32: exiting
2023/08/31 16:24:11 [notice] 33#33: exiting
2023/08/31 16:24:11 [notice] 31#31: exiting
2023/08/31 16:24:11 [notice] 30#30: exiting
2023/08/31 16:24:11 [notice] 32#32: exit
2023/08/31 16:24:11 [notice] 33#33: exit
2023/08/31 16:24:11 [notice] 30#30: exit
2023/08/31 16:24:11 [notice] 31#31: exit
2023/08/31 16:24:11 [notice] 1#1: signal 17 (SIGCHLD) received from 33
2023/08/31 16:24:11 [notice] 1#1: worker process 33 exited with code 0
2023/08/31 16:24:11 [notice] 1#1: signal 29 (SIGIO) received
2023/08/31 16:24:11 [notice] 1#1: signal 17 (SIGCHLD) received from 31
2023/08/31 16:24:11 [notice] 1#1: worker process 31 exited with code 0
2023/08/31 16:24:11 [notice] 1#1: signal 29 (SIGIO) received
2023/08/31 16:24:11 [notice] 1#1: signal 17 (SIGCHLD) received from 30
2023/08/31 16:24:11 [notice] 1#1: worker process 30 exited with code 0
2023/08/31 16:24:11 [notice] 1#1: worker process 32 exited with code 0
2023/08/31 16:24:11 [notice] 1#1: exit
